<?xml version="1.0" encoding="UTF-8"?>
<testng-results ignored="0" total="1" passed="1" failed="0" skipped="0">
  <reporter-output>
    <line>
      <![CDATA[About to begin executing Suite :- RICOH-SNOW-Automation]]>
    </line>
    <line>
      <![CDATA[About to begin executing method :- OFSCTestEngine.beforeSuite]]>
    </line>
    <line>
      <![CDATA[Completed executing method  :- OFSCTestEngine.beforeSuite]]>
    </line>
    <line>
      <![CDATA[About to begin executing Test :- Snow_ServiceCatalog_OMtoSNOW]]>
    </line>
    <line>
      <![CDATA[About to begin executing method :- OFSCTestEngine.beforeTest]]>
    </line>
    <line>
      <![CDATA[Completed executing method  :- OFSCTestEngine.beforeTest]]>
    </line>
    <line>
      <![CDATA[About to begin executing method :- Snow_ServiceCatalog_OMtoSNOW.fnSetUp]]>
    </line>
    <line>
      <![CDATA[Completed executing method  :- Snow_ServiceCatalog_OMtoSNOW.fnSetUp]]>
    </line>
    <line>
      <![CDATA[About to begin executing method :- Snow_ServiceCatalog_OMtoSNOW.fnsnowlogin]]>
    </line>
    <line>
      <![CDATA[Completed executing method  :- Snow_ServiceCatalog_OMtoSNOW.fnsnowlogin]]>
    </line>
    <line>
      <![CDATA[About to begin Test :- fnVerify_Snow_CatalogRequest_OMtoSNOWFlow]]>
    </line>
    <line>
      <![CDATA[About to begin executing method :- Snow_ServiceCatalog_OMtoSNOW.fnVerify_Snow_CatalogRequest_OMtoSNOWFlow]]>
    </line>
    <line>
      <![CDATA[Completed executing method  :- Snow_ServiceCatalog_OMtoSNOW.fnVerify_Snow_CatalogRequest_OMtoSNOWFlow]]>
    </line>
    <line>
      <![CDATA[Test case : fnVerify_Snow_CatalogRequest_OMtoSNOWFlow passed]]>
    </line>
    <line>
      <![CDATA[About to begin executing method :- Snow_ServiceCatalog_OMtoSNOW.snowLogOut]]>
    </line>
    <line>
      <![CDATA[Completed executing method  :- Snow_ServiceCatalog_OMtoSNOW.snowLogOut]]>
    </line>
    <line>
      <![CDATA[Completed executing test :- Snow_ServiceCatalog_OMtoSNOW]]>
    </line>
    <line>
      <![CDATA[About to begin executing method :- OFSCTestEngine.afterSuite]]>
    </line>
    <line>
      <![CDATA[Completed executing method  :- OFSCTestEngine.afterSuite]]>
    </line>
  </reporter-output>
  <suite started-at="2022-12-12T17:35:50Z" name="RICOH-SNOW-Automation" finished-at="2022-12-12T17:36:22Z" duration-ms="32269">
    <groups>
    </groups>
    <test started-at="2022-12-12T17:35:50Z" name="Snow_ServiceCatalog_OMtoSNOW" finished-at="2022-12-12T17:36:22Z" duration-ms="32269">
      <class name="ricoh.web.snow.tests.Snow_ServiceCatalog_OMtoSNOW">
        <test-method is-config="true" signature="beforeSuite(java.lang.String, java.lang.String, java.lang.String, java.lang.String, java.lang.String)[pri:0, instance:ricoh.web.snow.tests.Snow_ServiceCatalog_OMtoSNOW@37afeb11]" started-at="2022-12-12T23:05:50Z" name="beforeSuite" finished-at="2022-12-12T23:05:50Z" duration-ms="182" status="PASS">
          <params>
            <param index="0">
              <value>
                <![CDATA[SNOW]]>
              </value>
            </param>
            <param index="1">
              <value>
                <![CDATA[chrome]]>
              </value>
            </param>
            <param index="2">
              <value>
                <![CDATA[local]]>
              </value>
            </param>
            <param index="3">
              <value>
                <![CDATA[qa]]>
              </value>
            </param>
            <param index="4">
              <value>
                <![CDATA[Regression testing]]>
              </value>
            </param>
          </params>
          <reporter-output>
            <line>
              <![CDATA[Completed executing method  :- OFSCTestEngine.beforeSuite]]>
            </line>
          </reporter-output>
        </test-method> <!-- beforeSuite -->
        <test-method is-config="true" signature="beforeTest(java.lang.String, org.testng.ITestContext)[pri:0, instance:ricoh.web.snow.tests.Snow_ServiceCatalog_OMtoSNOW@37afeb11]" started-at="2022-12-12T23:05:50Z" name="beforeTest" finished-at="2022-12-12T23:05:58Z" duration-ms="8524" status="PASS">
          <params>
            <param index="0">
              <value>
                <![CDATA[SNOW]]>
              </value>
            </param>
            <param index="1">
              <value>
                <![CDATA[org.testng.TestRunner@403c3a01]]>
              </value>
            </param>
          </params>
          <reporter-output>
            <line>
              <![CDATA[Completed executing method  :- OFSCTestEngine.beforeTest]]>
            </line>
          </reporter-output>
        </test-method> <!-- beforeTest -->
        <test-method is-config="true" signature="fnSetUp()[pri:0, instance:ricoh.web.snow.tests.Snow_ServiceCatalog_OMtoSNOW@37afeb11]" started-at="2022-12-12T23:05:59Z" name="fnSetUp" finished-at="2022-12-12T23:05:59Z" duration-ms="30" status="PASS">
          <reporter-output>
            <line>
              <![CDATA[Completed executing method  :- Snow_ServiceCatalog_OMtoSNOW.fnSetUp]]>
            </line>
          </reporter-output>
        </test-method> <!-- fnSetUp -->
        <test-method is-config="true" signature="fnsnowlogin(java.lang.String, java.lang.String, java.lang.String)[pri:0, instance:ricoh.web.snow.tests.Snow_ServiceCatalog_OMtoSNOW@37afeb11]" started-at="2022-12-12T23:05:59Z" name="fnsnowlogin" finished-at="2022-12-12T23:06:12Z" duration-ms="13419" status="PASS">
          <params>
            <param index="0">
              <value>
                <![CDATA[girish.bandaru@ricoh-usa.com]]>
              </value>
            </param>
            <param index="1">
              <value>
                <![CDATA[Ricoh@2022]]>
              </value>
            </param>
            <param index="2">
              <value>
                <![CDATA[NonSSO]]>
              </value>
            </param>
          </params>
          <reporter-output>
            <line>
              <![CDATA[Completed executing method  :- Snow_ServiceCatalog_OMtoSNOW.fnsnowlogin]]>
            </line>
          </reporter-output>
        </test-method> <!-- fnsnowlogin -->
        <test-method signature="fnVerify_Snow_CatalogRequest_OMtoSNOWFlow(java.lang.String, java.lang.String)[pri:0, instance:ricoh.web.snow.tests.Snow_ServiceCatalog_OMtoSNOW@37afeb11]" started-at="2022-12-12T23:06:12Z" name="fnVerify_Snow_CatalogRequest_OMtoSNOWFlow" finished-at="2022-12-12T23:06:21Z" duration-ms="8872" status="PASS">
          <params>
            <param index="0">
              <value>
                <![CDATA[SAND2]]>
              </value>
            </param>
            <param index="1">
              <value>
                <![CDATA[101939670]]>
              </value>
            </param>
          </params>
          <reporter-output>
            <line>
              <![CDATA[About to begin Test :- fnVerify_Snow_CatalogRequest_OMtoSNOWFlow]]>
            </line>
            <line>
              <![CDATA[About to begin executing method :- Snow_ServiceCatalog_OMtoSNOW.fnVerify_Snow_CatalogRequest_OMtoSNOWFlow]]>
            </line>
            <line>
              <![CDATA[Completed executing method  :- Snow_ServiceCatalog_OMtoSNOW.fnVerify_Snow_CatalogRequest_OMtoSNOWFlow]]>
            </line>
            <line>
              <![CDATA[Test case : fnVerify_Snow_CatalogRequest_OMtoSNOWFlow passed]]>
            </line>
          </reporter-output>
        </test-method> <!-- fnVerify_Snow_CatalogRequest_OMtoSNOWFlow -->
        <test-method is-config="true" signature="snowLogOut()[pri:0, instance:ricoh.web.snow.tests.Snow_ServiceCatalog_OMtoSNOW@37afeb11]" started-at="2022-12-12T23:06:21Z" name="snowLogOut" finished-at="2022-12-12T23:06:22Z" duration-ms="1363" status="PASS">
          <reporter-output>
            <line>
              <![CDATA[Completed executing method  :- Snow_ServiceCatalog_OMtoSNOW.snowLogOut]]>
            </line>
          </reporter-output>
        </test-method> <!-- snowLogOut -->
        <test-method is-config="true" signature="afterSuite()[pri:0, instance:ricoh.web.snow.tests.Snow_ServiceCatalog_OMtoSNOW@37afeb11]" started-at="2022-12-12T23:06:22Z" name="afterSuite" finished-at="2022-12-12T23:06:22Z" duration-ms="0" status="FAIL">
          <exception class="java.lang.AssertionError">
            <message>
              <![CDATA[The following asserts failed:
	Failed to logged Out from SNOW Application expected [true] but found [false]]]>
            </message>
            <full-stacktrace>
              <![CDATA[java.lang.AssertionError: The following asserts failed:
	Failed to logged Out from SNOW Application expected [true] but found [false]
	at org.testng.asserts.SoftAssert.assertAll(SoftAssert.java:43)
	at ricoh.web.engine.OFSCTestEngine.afterSuite(OFSCTestEngine.java:123)
	at java.base/jdk.internal.reflect.NativeMethodAccessorImpl.invoke0(Native Method)
	at java.base/jdk.internal.reflect.NativeMethodAccessorImpl.invoke(NativeMethodAccessorImpl.java:77)
	at java.base/jdk.internal.reflect.DelegatingMethodAccessorImpl.invoke(DelegatingMethodAccessorImpl.java:43)
	at java.base/java.lang.reflect.Method.invoke(Method.java:568)
	at org.testng.internal.MethodInvocationHelper.invokeMethod(MethodInvocationHelper.java:104)
	at org.testng.internal.Invoker.invokeConfigurationMethod(Invoker.java:515)
	at org.testng.internal.Invoker.invokeConfigurations(Invoker.java:217)
	at org.testng.internal.Invoker.invokeConfigurations(Invoker.java:144)
	at org.testng.SuiteRunner.privateRun(SuiteRunner.java:357)
	at org.testng.SuiteRunner.run(SuiteRunner.java:289)
	at org.testng.SuiteRunnerWorker.runSuite(SuiteRunnerWorker.java:52)
	at org.testng.SuiteRunnerWorker.run(SuiteRunnerWorker.java:86)
	at org.testng.TestNG.runSuitesSequentially(TestNG.java:1293)
	at org.testng.TestNG.runSuitesLocally(TestNG.java:1218)
	at org.testng.TestNG.runSuites(TestNG.java:1133)
	at org.testng.TestNG.run(TestNG.java:1104)
	at org.testng.remote.AbstractRemoteTestNG.run(AbstractRemoteTestNG.java:115)
	at org.testng.remote.RemoteTestNG.initAndRun(RemoteTestNG.java:251)
	at org.testng.remote.RemoteTestNG.main(RemoteTestNG.java:77)
]]>
            </full-stacktrace>
          </exception> <!-- java.lang.AssertionError -->
          <reporter-output>
            <line>
              <![CDATA[Completed executing method  :- OFSCTestEngine.afterSuite]]>
            </line>
          </reporter-output>
        </test-method> <!-- afterSuite -->
      </class> <!-- ricoh.web.snow.tests.Snow_ServiceCatalog_OMtoSNOW -->
    </test> <!-- Snow_ServiceCatalog_OMtoSNOW -->
  </suite> <!-- RICOH-SNOW-Automation -->
</testng-results>
